# This file contains the data of all generations.
# of objectives = 2, # of constraints = 1, # of real_var = 54, # of bits of bin_var = 0
# gen = 1
  12.834541   0.000000		-243.387482
   6.080430   0.000000		-204.379333
  11.452751   0.000000		-396.346100
   7.900998   0.000000		-276.513367
  10.051141   0.000000		-214.405853
  12.177845   0.000000		-143.273819
   9.490565   0.000000		-328.423706
   9.612944   0.000000		-347.690735
   8.028421   0.000000		-200.396286
   8.667970   0.000000		-264.329651
  11.869055   0.000000		-307.713501
   8.740237   0.000000		-349.056580
   8.895734   0.000000		-301.885590
   8.905722   0.000000		-223.669464
  10.002276   0.000000		-140.567368
   7.783034   0.000000		-310.853241
   6.512691   0.000000		-397.825043
   8.030867   0.000000		-226.121033
  12.781375   0.000000		-347.012604
   9.680326   0.000000		-339.629852
   8.853493   0.000000		-145.402527
  10.589562   0.000000		-307.144867
  12.831511   0.000000		-282.651520
   9.799139   0.000000		-267.081055
   8.496072   0.000000		-295.147003
   9.975735   0.000000		-518.593567
   8.901571   0.000000		-192.418427
  10.673264   0.000000		-172.304489
# end gen = 1
# gen = 2
  10.034344   0.000000		-76.253242
   8.459028   0.000000		-91.420624
  14.653569   0.000000		-105.696136
  10.789937   0.000000		-108.389679
  13.483175   0.000000		-135.291031
  10.002276   0.000000		-140.567368
  12.177845   0.000000		-143.273819
   8.853493   0.000000		-145.402527
  14.935472   0.000000		-161.811386
  14.791401   0.000000		-170.293152
  10.673264   0.000000		-172.304489
  10.697803   0.000000		-174.801468
  14.598907   0.000000		-179.732376
  13.673858   0.000000		-190.497757
   8.901571   0.000000		-192.418427
   8.901571   0.000000		-192.418427
   8.028421   0.000000		-200.396286
   6.080430   0.000000		-204.379333
  15.554306   0.000000		-212.724915
  13.448715   0.000000		-212.845764
  10.051141   0.000000		-214.405853
  15.627633   0.000000		-222.160461
   8.905722   0.000000		-223.669464
   8.905722   0.000000		-223.669464
   8.030867   0.000000		-226.121033
   8.030867   0.000000		-226.121033
  15.465861   0.000000		-227.254654
  15.690828   0.000000		-228.226730
# end gen = 2
# gen = 3
   8.142571   0.000000		-46.142906
   7.882000   0.000000		-70.977440
  10.034344   0.000000		-76.253242
  10.034344   0.000000		-76.253242
  10.766866   0.000000		-84.088860
  10.005665   0.000000		-88.845718
   8.459028   0.000000		-91.420624
   8.459028   0.000000		-91.420624
  14.653569   0.000000		-105.696136
  10.789937   0.000000		-108.389679
  13.483175   0.000000		-135.291031
  13.483175   0.000000		-135.291031
  13.483175   0.000000		-135.291031
  10.002276   0.000000		-140.567368
  10.002276   0.000000		-140.567368
  12.177845   0.000000		-143.273819
   8.853493   0.000000		-145.402527
  14.935472   0.000000		-161.811386
  12.069788   0.000000		-166.693604
  14.791401   0.000000		-170.293152
  10.673264   0.000000		-172.304489
  10.697803   0.000000		-174.801468
  14.598907   0.000000		-179.732376
  14.598907   0.000000		-179.732376
  13.673858   0.000000		-190.497757
  13.047457   0.000000		-190.542587
  15.164480   0.000000		-190.691345
   9.891439   0.000000		-191.714935
# end gen = 3
# gen = 4
   8.142571   0.000000		-46.142906
   7.882000   0.000000		-70.977440
  10.034344   0.000000		-76.253242
  10.034344   0.000000		-76.253242
  10.034344   0.000000		-76.253242
  10.766866   0.000000		-84.088860
  10.766866   0.000000		-84.088860
  10.005665   0.000000		-88.845718
   8.459028   0.000000		-91.420624
   8.459028   0.000000		-91.420624
  14.653569   0.000000		-105.696136
  14.653569   0.000000		-105.696136
  14.199939   0.000000		-106.626305
  10.789937   0.000000		-108.389679
  11.218836   0.000000		-135.291031
  13.483175   0.000000		-135.291031
  13.483175   0.000000		-135.291031
  13.483175   0.000000		-135.291031
  13.483175   0.000000		-135.291031
  10.002276   0.000000		-140.567368
  10.874204   0.000000		-140.567368
  10.002276   0.000000		-140.567368
  10.002276   0.000000		-140.567368
  12.177845   0.000000		-143.273819
   8.853493   0.000000		-145.402527
  14.935472   0.000000		-161.811386
  14.935472   0.000000		-161.811386
   7.106064   0.000000		-164.402039
# end gen = 4
# gen = 5
   8.142571   0.000000		-46.142906
   7.882000   0.000000		-70.977440
   7.882000   0.000000		-70.977440
   7.882000   0.000000		-70.977440
  10.034344   0.000000		-76.253242
  10.034344   0.000000		-76.253242
  10.034344   0.000000		-76.253242
  10.034344   0.000000		-76.253242
  10.766866   0.000000		-84.088860
  10.766866   0.000000		-84.088860
  10.005665   0.000000		-88.845718
   8.459028   0.000000		-91.420624
   8.459028   0.000000		-91.420624
   8.459028   0.000000		-91.420624
   8.459028   0.000000		-91.420624
  10.614520   0.000000		-103.117722
   8.624098   0.000000		-104.320602
  14.653569   0.000000		-105.696136
  14.653569   0.000000		-105.696136
  14.653569   0.000000		-105.696136
  14.199939   0.000000		-106.626305
  10.789937   0.000000		-108.389679
  10.789937   0.000000		-108.389679
  14.554138   0.000000		-119.846664
  13.483175   0.000000		-135.291031
  11.218836   0.000000		-135.291031
  13.483175   0.000000		-135.291031
  13.483175   0.000000		-135.291031
# end gen = 5
# gen = 6
   8.142571   0.000000		-46.142906
   7.882000   0.000000		-70.977440
   7.882000   0.000000		-70.977440
   7.882000   0.000000		-70.977440
  10.034344   0.000000		-76.253242
  10.034344   0.000000		-76.253242
  10.034344   0.000000		-76.253242
  10.034344   0.000000		-76.253242
  10.766866   0.000000		-84.088860
  10.766866   0.000000		-84.088860
  10.005665   0.000000		-88.845718
   8.459028   0.000000		-91.420624
   8.459028   0.000000		-91.420624
   8.459028   0.000000		-91.420624
   8.459028   0.000000		-91.420624
   8.459028   0.000000		-91.420624
   8.459028   0.000000		-91.420624
   8.459028   0.000000		-91.420624
  10.614520   0.000000		-103.117722
   8.624098   0.000000		-104.320602
  14.653569   0.000000		-105.696136
  14.653569   0.000000		-105.696136
  14.653569   0.000000		-105.696136
  14.199939   0.000000		-106.626305
   9.174722   0.000000		-107.396576
  10.789937   0.000000		-108.389679
  10.789937   0.000000		-108.389679
  14.554138   0.000000		-119.846664
# end gen = 6
# gen = 7
   8.142571   0.000000		-46.142906
   7.882000   0.000000		-70.977440
   7.882000   0.000000		-70.977440
   7.882000   0.000000		-70.977440
   7.882000   0.000000		-70.977440
  10.034344   0.000000		-76.253242
  10.034344   0.000000		-76.253242
  10.034344   0.000000		-76.253242
  10.034344   0.000000		-76.253242
  10.034344   0.000000		-76.253242
  10.034344   0.000000		-76.253242
  10.766866   0.000000		-84.088860
  10.766866   0.000000		-84.088860
  10.005665   0.000000		-88.845718
   8.459028   0.000000		-91.420624
   8.459028   0.000000		-91.420624
   8.459028   0.000000		-91.420624
   8.459028   0.000000		-91.420624
   8.459028   0.000000		-91.420624
   8.459028   0.000000		-91.420624
   8.459028   0.000000		-91.420624
   8.459028   0.000000		-91.420624
   8.459028   0.000000		-91.420624
   8.459028   0.000000		-91.420624
   8.459028   0.000000		-91.420624
   8.459028   0.000000		-91.420624
   8.459028   0.000000		-91.420624
  10.614520   0.000000		-103.117722
# end gen = 7
# gen = 8
  13.937838   0.000000		-23.552734
   8.142571   0.000000		-46.142906
   7.882000   0.000000		-70.977440
   7.882000   0.000000		-70.977440
   7.882000   0.000000		-70.977440
   7.882000   0.000000		-70.977440
   7.882000   0.000000		-70.977440
   7.882000   0.000000		-70.977440
   7.882000   0.000000		-70.977440
  10.034344   0.000000		-76.253242
  10.034344   0.000000		-76.253242
  10.034344   0.000000		-76.253242
  10.034344   0.000000		-76.253242
  10.034344   0.000000		-76.253242
  10.034344   0.000000		-76.253242
  10.034344   0.000000		-76.253242
  10.034344   0.000000		-76.253242
  10.034344   0.000000		-76.253242
  10.034344   0.000000		-76.253242
  10.053738   0.000000		-78.081429
  10.766866   0.000000		-84.088860
  10.766866   0.000000		-84.088860
  10.370806   0.000000		-88.845718
  10.005665   0.000000		-88.845718
   8.459028   0.000000		-91.420624
   8.459028   0.000000		-91.420624
   8.459028   0.000000		-91.420624
   8.459028   0.000000		-91.420624
# end gen = 8
# gen = 9
  13.937838   0.000000		-23.552734
  13.937838   0.000000		-23.552734
   8.142571   0.000000		-46.142906
   7.882001   0.000000		-70.977310
   7.882000   0.000000		-70.977440
   7.882000   0.000000		-70.977440
   7.882000   0.000000		-70.977440
   7.882000   0.000000		-70.977440
   7.882000   0.000000		-70.977440
   7.882000   0.000000		-70.977440
   7.882000   0.000000		-70.977440
   7.882000   0.000000		-70.977440
   7.882000   0.000000		-70.977440
   7.882000   0.000000		-70.977440
   7.882000   0.000000		-70.977440
   7.882000   0.000000		-70.977440
   7.882000   0.000000		-70.977440
   7.882000   0.000000		-70.977440
  10.034344   0.000000		-76.253242
  10.034344   0.000000		-76.253242
  10.034344   0.000000		-76.253242
  10.034344   0.000000		-76.253242
  10.034344   0.000000		-76.253242
  10.034344   0.000000		-76.253242
  10.034344   0.000000		-76.253242
  10.034344   0.000000		-76.253242
  10.034344   0.000000		-76.253242
  10.034344   0.000000		-76.253242
# end gen = 9
# gen = 10
  13.937838   0.000000		-23.552734
  13.937838   0.000000		-23.552734
  13.937838   0.000000		-23.552734
  13.937838   0.000000		-23.552734
   8.142571   0.000000		-46.142906
   7.882001   0.000000		-70.977310
   7.882001   0.000000		-70.977310
   7.882000   0.000000		-70.977440
   7.882000   0.000000		-70.977440
   7.882000   0.000000		-70.977440
   7.882000   0.000000		-70.977440
   7.882000   0.000000		-70.977440
  10.224040   0.000000		-70.977440
   7.882000   0.000000		-70.977440
   7.882000   0.000000		-70.977440
   7.882000   0.000000		-70.977440
   7.882000   0.000000		-70.977440
   7.882000   0.000000		-70.977440
   7.882000   0.000000		-70.977440
   7.882000   0.000000		-70.977440
   7.882000   0.000000		-70.977440
   7.882000   0.000000		-70.977440
   7.882000   0.000000		-70.977440
   7.882000   0.000000		-70.977440
   7.882000   0.000000		-70.977440
   7.882000   0.000000		-70.977440
   7.882000   0.000000		-70.977440
  10.034344   0.000000		-76.253242
# end gen = 10
# gen = 11
  14.191046   0.000000		-20.508472
  13.937838   0.000000		-23.552734
  13.937838   0.000000		-23.552734
  13.937838   0.000000		-23.552734
  13.937838   0.000000		-23.552734
  13.937838   0.000000		-23.552734
  13.937838   0.000000		-23.552734
  13.937838   0.000000		-23.552734
  13.937838   0.000000		-23.552734
  13.937838   0.000000		-23.552734
   8.142571   0.000000		-46.142906
   7.882001   0.000000		-70.977310
   7.882001   0.000000		-70.977310
  10.050903   0.000000		-70.977310
   7.882001   0.000000		-70.977310
   7.882001   0.000000		-70.977310
   7.882001   0.000000		-70.977310
   7.882000   0.000000		-70.977440
   7.882000   0.000000		-70.977440
  10.224040   0.000000		-70.977440
   7.882000   0.000000		-70.977440
   7.882000   0.000000		-70.977440
   7.882000   0.000000		-70.977440
   7.882000   0.000000		-70.977440
   7.882000   0.000000		-70.977440
  10.224040   0.000000		-70.977440
   7.882000   0.000000		-70.977440
   7.882000   0.000000		-70.977440
# end gen = 11
# gen = 12
  13.807522   0.000000		0.000000
  14.097076   0.000000		-19.388123
  14.191046   0.000000		-20.508472
  14.191046   0.000000		-20.508472
  13.937838   0.000000		-23.552734
  13.937838   0.000000		-23.552734
  13.937838   0.000000		-23.552734
  13.937838   0.000000		-23.552734
  13.937838   0.000000		-23.552734
  13.937838   0.000000		-23.552734
  13.937838   0.000000		-23.552734
  13.937838   0.000000		-23.552734
  13.937838   0.000000		-23.552734
  13.937838   0.000000		-23.552734
  13.937838   0.000000		-23.552734
  13.937838   0.000000		-23.552734
  13.937838   0.000000		-23.552734
  13.937838   0.000000		-23.552734
  13.937838   0.000000		-23.552734
  13.937838   0.000000		-23.552734
  13.937838   0.000000		-23.552734
  13.937838   0.000000		-23.552734
  13.937838   0.000000		-23.552734
  13.937838   0.000000		-23.552734
  13.937838   0.000000		-23.552734
  13.937838   0.000000		-23.552734
  13.937838   0.000000		-23.552734
   8.142571   0.000000		-46.142906
# end gen = 12
# gen = 13
  13.807522   0.000000		0.000000
  13.807522   0.000000		0.000000
  13.807522   0.000000		0.000000
  14.097076   0.000000		-19.388123
  14.097076   0.000000		-19.388123
  14.097076   0.000000		-19.388123
  14.097076   0.000000		-19.388123
  14.191046   0.000000		-20.508472
  14.191046   0.000000		-20.508472
  14.191046   0.000000		-20.508472
  14.191046   0.000000		-20.508472
  14.191046   0.000000		-20.508472
  14.191046   0.000000		-20.508472
  14.191046   0.000000		-20.508472
  13.937838   0.000000		-23.552734
  13.937838   0.000000		-23.552734
  13.937838   0.000000		-23.552734
  13.937838   0.000000		-23.552734
  13.937838   0.000000		-23.552734
  13.937838   0.000000		-23.552734
  13.937838   0.000000		-23.552734
  13.937838   0.000000		-23.552734
  13.937838   0.000000		-23.552734
  13.937838   0.000000		-23.552734
  13.937838   0.000000		-23.552734
  13.937838   0.000000		-23.552734
  13.937838   0.000000		-23.552734
  13.937838   0.000000		-23.552734
# end gen = 13
# gen = 14
  13.807522   0.000000		0.000000
  13.807522   0.000000		0.000000
  13.807522   0.000000		0.000000
  13.807522   0.000000		0.000000
  13.807522   0.000000		0.000000
  13.807522   0.000000		0.000000
  13.807522   0.000000		0.000000
  13.966761   0.000000		0.000000
  14.060730   0.000000		0.000000
  14.097076   0.000000		-19.388123
  14.097076   0.000000		-19.388123
  14.097076   0.000000		-19.388123
  14.097076   0.000000		-19.388123
  14.097076   0.000000		-19.388123
  14.097076   0.000000		-19.388123
  14.097076   0.000000		-19.388123
  14.097076   0.000000		-19.388123
  14.097076   0.000000		-19.388123
  14.097076   0.000000		-19.388123
  14.191046   0.000000		-20.508472
  14.191046   0.000000		-20.508472
  14.191046   0.000000		-20.508472
  14.191046   0.000000		-20.508472
  14.191046   0.000000		-20.508472
  14.191046   0.000000		-20.508472
  14.191046   0.000000		-20.508472
  14.191046   0.000000		-20.508472
  14.191046   0.000000		-20.508472
# end gen = 14
# gen = 15
  13.807522   0.000000		0.000000
  13.807522   0.000000		0.000000
  13.807522   0.000000		0.000000
  13.807522   0.000000		0.000000
  13.807522   0.000000		0.000000
  13.807522   0.000000		0.000000
  13.807522   0.000000		0.000000
  13.807522   0.000000		0.000000
  13.807522   0.000000		0.000000
  13.807522   0.000000		0.000000
  13.807522   0.000000		0.000000
  13.807522   0.000000		0.000000
  13.807522   0.000000		0.000000
  13.807522   0.000000		0.000000
  13.807522   0.000000		0.000000
  13.807522   0.000000		0.000000
  13.807522   0.000000		0.000000
  13.809285   0.000000		0.000000
  13.966761   0.000000		0.000000
  13.966761   0.000000		0.000000
  13.966761   0.000000		0.000000
  13.966761   0.000000		0.000000
  13.966761   0.000000		0.000000
  13.966761   0.000000		0.000000
  14.060730   0.000000		0.000000
  14.097076   0.000000		-19.388123
  14.097076   0.000000		-19.388123
  14.097076   0.000000		-19.388123
# end gen = 15
