# This file contains information about inputs as read by the program.

 Population size = 28
 Number of generations = 40
 Number of objective functions = 2
 Number of constraints = 1
 Number of real variables = 54
 Lower limit of real variable 1 = 1
 Upper limit of real variable 1 = -1
 Lower limit of real variable 2 = 1
 Upper limit of real variable 2 = -1
 Lower limit of real variable 3 = 1
 Upper limit of real variable 3 = -1
 Lower limit of real variable 4 = 1
 Upper limit of real variable 4 = -1
 Lower limit of real variable 5 = 1
 Upper limit of real variable 5 = -1
 Lower limit of real variable 6 = 1
 Upper limit of real variable 6 = -1
 Lower limit of real variable 7 = 1
 Upper limit of real variable 7 = -1
 Lower limit of real variable 8 = 1
 Upper limit of real variable 8 = -1
 Lower limit of real variable 9 = 1
 Upper limit of real variable 9 = -1
 Lower limit of real variable 10 = 1
 Upper limit of real variable 10 = -1
 Lower limit of real variable 11 = 1
 Upper limit of real variable 11 = -1
 Lower limit of real variable 12 = 1
 Upper limit of real variable 12 = -1
 Lower limit of real variable 13 = 1
 Upper limit of real variable 13 = -1
 Lower limit of real variable 14 = 1
 Upper limit of real variable 14 = -1
 Lower limit of real variable 15 = 1
 Upper limit of real variable 15 = -1
 Lower limit of real variable 16 = 1
 Upper limit of real variable 16 = -1
 Lower limit of real variable 17 = 1
 Upper limit of real variable 17 = -1
 Lower limit of real variable 18 = 1
 Upper limit of real variable 18 = -1
 Lower limit of real variable 19 = 1
 Upper limit of real variable 19 = -1
 Lower limit of real variable 20 = 1
 Upper limit of real variable 20 = -1
 Lower limit of real variable 21 = 1
 Upper limit of real variable 21 = -1
 Lower limit of real variable 22 = 1
 Upper limit of real variable 22 = -1
 Lower limit of real variable 23 = 1
 Upper limit of real variable 23 = -1
 Lower limit of real variable 24 = 1
 Upper limit of real variable 24 = -1
 Lower limit of real variable 25 = 1
 Upper limit of real variable 25 = -1
 Lower limit of real variable 26 = 1
 Upper limit of real variable 26 = -1
 Lower limit of real variable 27 = 1
 Upper limit of real variable 27 = -1
 Lower limit of real variable 28 = 1
 Upper limit of real variable 28 = -1
 Lower limit of real variable 29 = 1
 Upper limit of real variable 29 = -1
 Lower limit of real variable 30 = 1
 Upper limit of real variable 30 = -1
 Lower limit of real variable 31 = 1
 Upper limit of real variable 31 = -1
 Lower limit of real variable 32 = 1
 Upper limit of real variable 32 = -1
 Lower limit of real variable 33 = 1
 Upper limit of real variable 33 = -1
 Lower limit of real variable 34 = 1
 Upper limit of real variable 34 = -1
 Lower limit of real variable 35 = 1
 Upper limit of real variable 35 = -1
 Lower limit of real variable 36 = 1
 Upper limit of real variable 36 = -1
 Lower limit of real variable 37 = 1
 Upper limit of real variable 37 = -1
 Lower limit of real variable 38 = 1
 Upper limit of real variable 38 = -1
 Lower limit of real variable 39 = 1
 Upper limit of real variable 39 = -1
 Lower limit of real variable 40 = 1
 Upper limit of real variable 40 = -1
 Lower limit of real variable 41 = 1
 Upper limit of real variable 41 = -1
 Lower limit of real variable 42 = 1
 Upper limit of real variable 42 = -1
 Lower limit of real variable 43 = 1
 Upper limit of real variable 43 = -1
 Lower limit of real variable 44 = 1
 Upper limit of real variable 44 = -1
 Lower limit of real variable 45 = 1
 Upper limit of real variable 45 = -1
 Lower limit of real variable 46 = 1
 Upper limit of real variable 46 = -1
 Lower limit of real variable 47 = 1
 Upper limit of real variable 47 = -1
 Lower limit of real variable 48 = 1
 Upper limit of real variable 48 = -1
 Lower limit of real variable 49 = 1
 Upper limit of real variable 49 = -1
 Lower limit of real variable 50 = 1
 Upper limit of real variable 50 = -1
 Lower limit of real variable 51 = 1
 Upper limit of real variable 51 = -1
 Lower limit of real variable 52 = 1
 Upper limit of real variable 52 = -1
 Lower limit of real variable 53 = 1
 Upper limit of real variable 53 = -1
 Lower limit of real variable 54 = 1
 Upper limit of real variable 54 = -1
 Probability of crossover of real variable = 0.9
 Probability of mutation of real variable = 0.0185185
 Distribution index for crossover = 15
 Distribution index for mutation = 35
 Number of binary variables = 0
 Seed for random number generator = 0.6
 Number of crossover of real variable = 495
 Number of mutation of real variable = 1091